# JRE version: OpenJDK Runtime Environment Temurin-17.0.11+9 (17.0.11+9) (build 17.0.11+9)
# Java VM: OpenJDK 64-Bit Server VM Temurin-17.0.11+9 (17.0.11+9, mixed mode, emulated-client, tiered, compressed oops, compressed class ptrs, g1 gc, windows-amd64)
GC Precious Log:
 CPUs: 8 total, 8 available
 Memory: 7865M
 Large Page Support: Disabled
 NUMA Support: Disabled
 Compressed Oops: Enabled (32-bit)
 Heap Region Size: 1M
 Heap Min Capacity: 8M
 Heap Initial Capacity: 124M
 Heap Max Capacity: 1G
 Pre-touch: Disabled
 Parallel Workers: 8
 Concurrent Workers: 2
 Concurrent Refinement Workers: 8
 Periodic GC: Disabled
Heap:
 garbage-first heap   total 122880K, used 38404K [0x00000000c0000000, 0x0000000100000000)
  region size 1024K, 1 young (1024K), 0 survivors (0K)
 Metaspace       used 61103K, committed 61568K, reserved 1114112K
  class space    used 7326K, committed 7552K, reserved 1048576K
GC Heap History (20 events):
Event: 38052.201 GC heap before
{Heap before GC invocations=3651 (full 3635):
 garbage-first heap   total 122880K, used 38404K [0x00000000c0000000, 0x0000000100000000)
  region size 1024K, 1 young (1024K), 0 survivors (0K)
 Metaspace       used 61103K, committed 61568K, reserved 1114112K
  class space    used 7326K, committed 7552K, reserved 1048576K
}
Event: 38052.256 GC heap after
{Heap after GC invocations=3652 (full 3636):
 garbage-first heap   total 122880K, used 38404K [0x00000000c0000000, 0x0000000100000000)
  region size 1024K, 0 young (0K), 0 survivors (0K)
 Metaspace       used 61103K, committed 61568K, reserved 1114112K
  class space    used 7326K, committed 7552K, reserved 1048576K
}
Event: 38062.511 GC heap before
{Heap before GC invocations=3652 (full 3636):
 garbage-first heap   total 122880K, used 38404K [0x00000000c0000000, 0x0000000100000000)
  region size 1024K, 1 young (1024K), 0 survivors (0K)
 Metaspace       used 61103K, committed 61568K, reserved 1114112K
  class space    used 7326K, committed 7552K, reserved 1048576K
}
Event: 38062.556 GC heap after
{Heap after GC invocations=3653 (full 3637):
 garbage-first heap   total 122880K, used 38404K [0x00000000c0000000, 0x0000000100000000)
  region size 1024K, 0 young (0K), 0 survivors (0K)
 Metaspace       used 61103K, committed 61568K, reserved 1114112K
  class space    used 7326K, committed 7552K, reserved 1048576K
}
Event: 38072.796 GC heap before
{Heap before GC invocations=3653 (full 3637):
 garbage-first heap   total 122880K, used 38404K [0x00000000c0000000, 0x0000000100000000)
  region size 1024K, 1 young (1024K), 0 survivors (0K)
 Metaspace       used 61103K, committed 61568K, reserved 1114112K
  class space    used 7326K, committed 7552K, reserved 1048576K
}
Event: 38072.838 GC heap after
{Heap after GC invocations=3654 (full 3638):
 garbage-first heap   total 122880K, used 38404K [0x00000000c0000000, 0x0000000100000000)
  region size 1024K, 0 young (0K), 0 survivors (0K)
 Metaspace       used 61103K, committed 61568K, reserved 1114112K
  class space    used 7326K, committed 7552K, reserved 1048576K
}
Event: 38083.086 GC heap before
{Heap before GC invocations=3654 (full 3638):
 garbage-first heap   total 122880K, used 38404K [0x00000000c0000000, 0x0000000100000000)
  region size 1024K, 1 young (1024K), 0 survivors (0K)
 Metaspace       used 61103K, committed 61568K, reserved 1114112K
  class space    used 7326K, committed 7552K, reserved 1048576K
}
Event: 38083.135 GC heap after
{Heap after GC invocations=3655 (full 3639):
 garbage-first heap   total 122880K, used 38404K [0x00000000c0000000, 0x0000000100000000)
  region size 1024K, 0 young (0K), 0 survivors (0K)
 Metaspace       used 61103K, committed 61568K, reserved 1114112K
  class space    used 7326K, committed 7552K, reserved 1048576K
}
Event: 38093.378 GC heap before
{Heap before GC invocations=3655 (full 3639):
 garbage-first heap   total 122880K, used 38404K [0x00000000c0000000, 0x0000000100000000)
  region size 1024K, 1 young (1024K), 0 survivors (0K)
 Metaspace       used 61103K, committed 61568K, reserved 1114112K
  class space    used 7326K, committed 7552K, reserved 1048576K
}
Event: 38093.428 GC heap after
{Heap after GC invocations=3656 (full 3640):
 garbage-first heap   total 122880K, used 38404K [0x00000000c0000000, 0x0000000100000000)
  region size 1024K, 0 young (0K), 0 survivors (0K)
 Metaspace       used 61103K, committed 61568K, reserved 1114112K
  class space    used 7326K, committed 7552K, reserved 1048576K
}
Event: 38103.694 GC heap before
{Heap before GC invocations=3656 (full 3640):
 garbage-first heap   total 122880K, used 38404K [0x00000000c0000000, 0x0000000100000000)
  region size 1024K, 1 young (1024K), 0 survivors (0K)
 Metaspace       used 61103K, committed 61568K, reserved 1114112K
  class space    used 7326K, committed 7552K, reserved 1048576K
}
Event: 38103.756 GC heap after
{Heap after GC invocations=3657 (full 3641):
 garbage-first heap   total 122880K, used 38404K [0x00000000c0000000, 0x0000000100000000)
  region size 1024K, 0 young (0K), 0 survivors (0K)
 Metaspace       used 61103K, committed 61568K, reserved 1114112K
  class space    used 7326K, committed 7552K, reserved 1048576K
}
Event: 38114.017 GC heap before
{Heap before GC invocations=3657 (full 3641):
 garbage-first heap   total 122880K, used 38404K [0x00000000c0000000, 0x0000000100000000)
  region size 1024K, 1 young (1024K), 0 survivors (0K)
 Metaspace       used 61103K, committed 61568K, reserved 1114112K
  class space    used 7326K, committed 7552K, reserved 1048576K
}
Event: 38114.083 GC heap after
{Heap after GC invocations=3658 (full 3642):
 garbage-first heap   total 122880K, used 38404K [0x00000000c0000000, 0x0000000100000000)
  region size 1024K, 0 young (0K), 0 survivors (0K)
 Metaspace       used 61103K, committed 61568K, reserved 1114112K
  class space    used 7326K, committed 7552K, reserved 1048576K
}
Event: 38128.344 GC heap before
{Heap before GC invocations=3658 (full 3642):
 garbage-first heap   total 122880K, used 38404K [0x00000000c0000000, 0x0000000100000000)
  region size 1024K, 1 young (1024K), 0 survivors (0K)
 Metaspace       used 61103K, committed 61568K, reserved 1114112K
  class space    used 7326K, committed 7552K, reserved 1048576K
}
Event: 38128.725 GC heap after
{Heap after GC invocations=3659 (full 3643):
 garbage-first heap   total 122880K, used 38404K [0x00000000c0000000, 0x0000000100000000)
  region size 1024K, 0 young (0K), 0 survivors (0K)
 Metaspace       used 61103K, committed 61568K, reserved 1114112K
  class space    used 7326K, committed 7552K, reserved 1048576K
}
Event: 38139.818 GC heap before
{Heap before GC invocations=3659 (full 3643):
 garbage-first heap   total 122880K, used 38404K [0x00000000c0000000, 0x0000000100000000)
  region size 1024K, 1 young (1024K), 0 survivors (0K)
 Metaspace       used 61103K, committed 61568K, reserved 1114112K
  class space    used 7326K, committed 7552K, reserved 1048576K
}
Event: 38139.969 GC heap after
{Heap after GC invocations=3660 (full 3644):
 garbage-first heap   total 122880K, used 38404K [0x00000000c0000000, 0x0000000100000000)
  region size 1024K, 0 young (0K), 0 survivors (0K)
 Metaspace       used 61103K, committed 61568K, reserved 1114112K
  class space    used 7326K, committed 7552K, reserved 1048576K
}
Event: 38151.546 GC heap before
{Heap before GC invocations=3660 (full 3644):
 garbage-first heap   total 122880K, used 38404K [0x00000000c0000000, 0x0000000100000000)
  region size 1024K, 1 young (1024K), 0 survivors (0K)
 Metaspace       used 61103K, committed 61568K, reserved 1114112K
  class space    used 7326K, committed 7552K, reserved 1048576K
}
Event: 38151.609 GC heap after
{Heap after GC invocations=3661 (full 3645):
 garbage-first heap   total 122880K, used 38404K [0x00000000c0000000, 0x0000000100000000)
  region size 1024K, 0 young (0K), 0 survivors (0K)
 Metaspace       used 61103K, committed 61568K, reserved 1114112K
  class space    used 7326K, committed 7552K, reserved 1048576K
}

